Build started 12/10/2011 12:35:01 PM.
     1>Project "C:\Users\Mark\Desktop\Graphics Work\Viewports - Current Working Model From Class\ForClass\ForClass.vcxproj" on node 2 (build target(s)).
     1>InitializeBuildStatus:
         Creating "Debug\Viewports.unsuccessfulbuild" because "AlwaysCreate" was specified.
       ClCompile:
         All outputs are up-to-date.
         c:\Program Files (x86)\Microsoft Visual Studio 10.0\VC\bin\CL.exe /c /ZI /nologo /W3 /WX- /Od /Oy- /D WIN32 /D _DEBUG /D _CONSOLE /Gm /EHsc /RTC1 /MDd /GS /fp:precise /Zc:wchar_t /Zc:forScope /Fo"Debug\\" /Fd"Debug\vc100.pdb" /Gd /TP /analyze- /errorReport:prompt Viewports.cpp
         Viewports.cpp
     1>c:\users\mark\desktop\graphics work\viewports - current working model from class\forclass\angel.h(66): warning C4305: 'initializing' : truncation from 'double' to 'const GLfloat'
     1>c:\users\mark\desktop\graphics work\viewports - current working model from class\forclass\mat.h(698): warning C4244: '=' : conversion from 'double' to 'GLfloat', possible loss of data
     1>c:\users\mark\desktop\graphics work\viewports - current working model from class\forclass\mat.h(699): warning C4244: '=' : conversion from 'double' to 'GLfloat', possible loss of data
     1>c:\users\mark\desktop\graphics work\viewports - current working model from class\forclass\mat.h(700): warning C4244: '=' : conversion from 'double' to 'GLfloat', possible loss of data
     1>c:\users\mark\desktop\graphics work\viewports - current working model from class\forclass\mat.h(721): warning C4244: '=' : conversion from 'double' to 'GLfloat', possible loss of data
     1>c:\users\mark\desktop\graphics work\viewports - current working model from class\forclass\mat.h(723): warning C4244: '=' : conversion from 'double' to 'GLfloat', possible loss of data
     1>c:\users\mark\desktop\graphics work\viewports - current working model from class\forclass\mat.h(726): warning C4244: '=' : conversion from 'double' to 'GLfloat', possible loss of data
     1>c:\users\mark\desktop\graphics work\viewports - current working model from class\forclass\mat.h(742): warning C4244: '=' : conversion from 'double' to 'GLfloat', possible loss of data
     1>c:\users\mark\desktop\graphics work\viewports - current working model from class\forclass\datasource.h(45): warning C4244: 'initializing' : conversion from 'double' to 'int', possible loss of data
     1>c:\users\mark\desktop\graphics work\viewports - current working model from class\forclass\datasource.h(52): warning C4305: 'initializing' : truncation from 'double' to 'GLfloat'
     1>c:\users\mark\desktop\graphics work\viewports - current working model from class\forclass\datasource.h(52): warning C4305: 'initializing' : truncation from 'double' to 'GLfloat'
     1>c:\users\mark\desktop\graphics work\viewports - current working model from class\forclass\datasource.h(52): warning C4305: 'initializing' : truncation from 'double' to 'GLfloat'
     1>c:\users\mark\desktop\graphics work\viewports - current working model from class\forclass\datasource.h(52): warning C4305: 'initializing' : truncation from 'double' to 'GLfloat'
     1>c:\users\mark\desktop\graphics work\viewports - current working model from class\forclass\datasource.h(52): warning C4305: 'initializing' : truncation from 'double' to 'GLfloat'
     1>c:\users\mark\desktop\graphics work\viewports - current working model from class\forclass\datasource.h(52): warning C4305: 'initializing' : truncation from 'double' to 'GLfloat'
     1>c:\users\mark\desktop\graphics work\viewports - current working model from class\forclass\datasource.h(52): warning C4305: 'initializing' : truncation from 'double' to 'GLfloat'
     1>c:\users\mark\desktop\graphics work\viewports - current working model from class\forclass\datasource.h(52): warning C4305: 'initializing' : truncation from 'double' to 'GLfloat'
     1>c:\users\mark\desktop\graphics work\viewports - current working model from class\forclass\datasource.h(52): warning C4305: 'initializing' : truncation from 'double' to 'GLfloat'
     1>c:\users\mark\desktop\graphics work\viewports - current working model from class\forclass\datasource.h(52): warning C4305: 'initializing' : truncation from 'double' to 'GLfloat'
     1>c:\users\mark\desktop\graphics work\viewports - current working model from class\forclass\datasource.h(52): warning C4305: 'initializing' : truncation from 'double' to 'GLfloat'
     1>c:\users\mark\desktop\graphics work\viewports - current working model from class\forclass\datasource.h(52): warning C4305: 'initializing' : truncation from 'double' to 'GLfloat'
     1>c:\users\mark\desktop\graphics work\viewports - current working model from class\forclass\datasource.h(52): warning C4305: 'initializing' : truncation from 'double' to 'GLfloat'
     1>c:\users\mark\desktop\graphics work\viewports - current working model from class\forclass\datasource.h(53): warning C4305: 'initializing' : truncation from 'double' to 'GLfloat'
     1>c:\users\mark\desktop\graphics work\viewports - current working model from class\forclass\datasource.h(53): warning C4305: 'initializing' : truncation from 'double' to 'GLfloat'
     1>c:\users\mark\desktop\graphics work\viewports - current working model from class\forclass\datasource.h(53): warning C4305: 'initializing' : truncation from 'double' to 'GLfloat'
     1>c:\users\mark\desktop\graphics work\viewports - current working model from class\forclass\datasource.h(53): warning C4305: 'initializing' : truncation from 'double' to 'GLfloat'
     1>c:\users\mark\desktop\graphics work\viewports - current working model from class\forclass\datasource.h(53): warning C4305: 'initializing' : truncation from 'double' to 'GLfloat'
     1>c:\users\mark\desktop\graphics work\viewports - current working model from class\forclass\datasource.h(53): warning C4305: 'initializing' : truncation from 'double' to 'GLfloat'
     1>c:\users\mark\desktop\graphics work\viewports - current working model from class\forclass\datasource.h(53): warning C4305: 'initializing' : truncation from 'double' to 'GLfloat'
     1>c:\users\mark\desktop\graphics work\viewports - current working model from class\forclass\datasource.h(53): warning C4305: 'initializing' : truncation from 'double' to 'GLfloat'
     1>c:\users\mark\desktop\graphics work\viewports - current working model from class\forclass\datasource.h(53): warning C4305: 'initializing' : truncation from 'double' to 'GLfloat'
     1>c:\users\mark\desktop\graphics work\viewports - current working model from class\forclass\datasource.h(53): warning C4305: 'initializing' : truncation from 'double' to 'GLfloat'
     1>c:\users\mark\desktop\graphics work\viewports - current working model from class\forclass\datasource.h(53): warning C4305: 'initializing' : truncation from 'double' to 'GLfloat'
     1>c:\users\mark\desktop\graphics work\viewports - current working model from class\forclass\datasource.h(53): warning C4305: 'initializing' : truncation from 'double' to 'GLfloat'
     1>c:\users\mark\desktop\graphics work\viewports - current working model from class\forclass\datasource.h(53): warning C4305: 'initializing' : truncation from 'double' to 'GLfloat'
     1>c:\users\mark\desktop\graphics work\viewports - current working model from class\forclass\datasource.h(54): warning C4305: 'initializing' : truncation from 'double' to 'GLfloat'
     1>c:\users\mark\desktop\graphics work\viewports - current working model from class\forclass\datasource.h(54): warning C4305: 'initializing' : truncation from 'double' to 'GLfloat'
     1>c:\users\mark\desktop\graphics work\viewports - current working model from class\forclass\datasource.h(54): warning C4305: 'initializing' : truncation from 'double' to 'GLfloat'
     1>c:\users\mark\desktop\graphics work\viewports - current working model from class\forclass\datasource.h(54): warning C4305: 'initializing' : truncation from 'double' to 'GLfloat'
     1>c:\users\mark\desktop\graphics work\viewports - current working model from class\forclass\datasource.h(54): warning C4305: 'initializing' : truncation from 'double' to 'GLfloat'
     1>c:\users\mark\desktop\graphics work\viewports - current working model from class\forclass\datasource.h(54): warning C4305: 'initializing' : truncation from 'double' to 'GLfloat'
     1>c:\users\mark\desktop\graphics work\viewports - current working model from class\forclass\datasource.h(54): warning C4305: 'initializing' : truncation from 'double' to 'GLfloat'
     1>c:\users\mark\desktop\graphics work\viewports - current working model from class\forclass\datasource.h(54): warning C4305: 'initializing' : truncation from 'double' to 'GLfloat'
     1>c:\users\mark\desktop\graphics work\viewports - current working model from class\forclass\datasource.h(54): warning C4305: 'initializing' : truncation from 'double' to 'GLfloat'
     1>c:\users\mark\desktop\graphics work\viewports - current working model from class\forclass\datasource.h(54): warning C4305: 'initializing' : truncation from 'double' to 'GLfloat'
     1>c:\users\mark\desktop\graphics work\viewports - current working model from class\forclass\datasource.h(54): warning C4305: 'initializing' : truncation from 'double' to 'GLfloat'
     1>c:\users\mark\desktop\graphics work\viewports - current working model from class\forclass\datasource.h(54): warning C4305: 'initializing' : truncation from 'double' to 'GLfloat'
     1>c:\users\mark\desktop\graphics work\viewports - current working model from class\forclass\datasource.h(54): warning C4305: 'initializing' : truncation from 'double' to 'GLfloat'
     1>c:\users\mark\desktop\graphics work\viewports - current working model from class\forclass\datasource.h(55): warning C4305: 'initializing' : truncation from 'double' to 'GLfloat'
     1>c:\users\mark\desktop\graphics work\viewports - current working model from class\forclass\datasource.h(55): warning C4305: 'initializing' : truncation from 'double' to 'GLfloat'
     1>c:\users\mark\desktop\graphics work\viewports - current working model from class\forclass\datasource.h(55): warning C4305: 'initializing' : truncation from 'double' to 'GLfloat'
     1>c:\users\mark\desktop\graphics work\viewports - current working model from class\forclass\datasource.h(55): warning C4305: 'initializing' : truncation from 'double' to 'GLfloat'
     1>c:\users\mark\desktop\graphics work\viewports - current working model from class\forclass\datasource.h(55): warning C4305: 'initializing' : truncation from 'double' to 'GLfloat'
     1>c:\users\mark\desktop\graphics work\viewports - current working model from class\forclass\datasource.h(55): warning C4305: 'initializing' : truncation from 'double' to 'GLfloat'
     1>c:\users\mark\desktop\graphics work\viewports - current working model from class\forclass\datasource.h(55): warning C4305: 'initializing' : truncation from 'double' to 'GLfloat'
     1>c:\users\mark\desktop\graphics work\viewports - current working model from class\forclass\datasource.h(55): warning C4305: 'initializing' : truncation from 'double' to 'GLfloat'
     1>c:\users\mark\desktop\graphics work\viewports - current working model from class\forclass\datasource.h(55): warning C4305: 'initializing' : truncation from 'double' to 'GLfloat'
     1>c:\users\mark\desktop\graphics work\viewports - current working model from class\forclass\datasource.h(55): warning C4305: 'initializing' : truncation from 'double' to 'GLfloat'
     1>c:\users\mark\desktop\graphics work\viewports - current working model from class\forclass\datasource.h(55): warning C4305: 'initializing' : truncation from 'double' to 'GLfloat'
     1>c:\users\mark\desktop\graphics work\viewports - current working model from class\forclass\datasource.h(56): warning C4305: 'initializing' : truncation from 'double' to 'GLfloat'
     1>c:\users\mark\desktop\graphics work\viewports - current working model from class\forclass\datasource.h(56): warning C4305: 'initializing' : truncation from 'double' to 'GLfloat'
     1>c:\users\mark\desktop\graphics work\viewports - current working model from class\forclass\datasource.h(56): warning C4305: 'initializing' : truncation from 'double' to 'GLfloat'
     1>c:\users\mark\desktop\graphics work\viewports - current working model from class\forclass\datasource.h(56): warning C4305: 'initializing' : truncation from 'double' to 'GLfloat'
     1>c:\users\mark\desktop\graphics work\viewports - current working model from class\forclass\datasource.h(56): warning C4305: 'initializing' : truncation from 'double' to 'GLfloat'
     1>c:\users\mark\desktop\graphics work\viewports - current working model from class\forclass\datasource.h(56): warning C4305: 'initializing' : truncation from 'double' to 'GLfloat'
     1>c:\users\mark\desktop\graphics work\viewports - current working model from class\forclass\datasource.h(56): warning C4305: 'initializing' : truncation from 'double' to 'GLfloat'
     1>c:\users\mark\desktop\graphics work\viewports - current working model from class\forclass\datasource.h(56): warning C4305: 'initializing' : truncation from 'double' to 'GLfloat'
     1>c:\users\mark\desktop\graphics work\viewports - current working model from class\forclass\datasource.h(56): warning C4305: 'initializing' : truncation from 'double' to 'GLfloat'
     1>c:\users\mark\desktop\graphics work\viewports - current working model from class\forclass\datasource.h(56): warning C4305: 'initializing' : truncation from 'double' to 'GLfloat'
     1>c:\users\mark\desktop\graphics work\viewports - current working model from class\forclass\datasource.h(56): warning C4305: 'initializing' : truncation from 'double' to 'GLfloat'
     1>c:\users\mark\desktop\graphics work\viewports - current working model from class\forclass\datasource.h(56): warning C4305: 'initializing' : truncation from 'double' to 'GLfloat'
     1>c:\users\mark\desktop\graphics work\viewports - current working model from class\forclass\datasource.h(56): warning C4305: 'initializing' : truncation from 'double' to 'GLfloat'
     1>c:\users\mark\desktop\graphics work\viewports - current working model from class\forclass\datasource.h(57): warning C4305: 'initializing' : truncation from 'double' to 'GLfloat'
     1>c:\users\mark\desktop\graphics work\viewports - current working model from class\forclass\datasource.h(57): warning C4305: 'initializing' : truncation from 'double' to 'GLfloat'
     1>c:\users\mark\desktop\graphics work\viewports - current working model from class\forclass\datasource.h(57): warning C4305: 'initializing' : truncation from 'double' to 'GLfloat'
     1>c:\users\mark\desktop\graphics work\viewports - current working model from class\forclass\datasource.h(57): warning C4305: 'initializing' : truncation from 'double' to 'GLfloat'
     1>c:\users\mark\desktop\graphics work\viewports - current working model from class\forclass\datasource.h(57): warning C4305: 'initializing' : truncation from 'double' to 'GLfloat'
     1>c:\users\mark\desktop\graphics work\viewports - current working model from class\forclass\datasource.h(57): warning C4305: 'initializing' : truncation from 'double' to 'GLfloat'
     1>c:\users\mark\desktop\graphics work\viewports - current working model from class\forclass\datasource.h(57): warning C4305: 'initializing' : truncation from 'double' to 'GLfloat'
     1>c:\users\mark\desktop\graphics work\viewports - current working model from class\forclass\datasource.h(57): warning C4305: 'initializing' : truncation from 'double' to 'GLfloat'
     1>c:\users\mark\desktop\graphics work\viewports - current working model from class\forclass\datasource.h(57): warning C4305: 'initializing' : truncation from 'double' to 'GLfloat'
     1>c:\users\mark\desktop\graphics work\viewports - current working model from class\forclass\datasource.h(57): warning C4305: 'initializing' : truncation from 'double' to 'GLfloat'
     1>c:\users\mark\desktop\graphics work\viewports - current working model from class\forclass\datasource.h(57): warning C4305: 'initializing' : truncation from 'double' to 'GLfloat'
     1>c:\users\mark\desktop\graphics work\viewports - current working model from class\forclass\datasource.h(57): warning C4305: 'initializing' : truncation from 'double' to 'GLfloat'
     1>c:\users\mark\desktop\graphics work\viewports - current working model from class\forclass\datasource.h(57): warning C4305: 'initializing' : truncation from 'double' to 'GLfloat'
     1>c:\users\mark\desktop\graphics work\viewports - current working model from class\forclass\datasource.h(58): warning C4305: 'initializing' : truncation from 'double' to 'GLfloat'
     1>c:\users\mark\desktop\graphics work\viewports - current working model from class\forclass\datasource.h(58): warning C4305: 'initializing' : truncation from 'double' to 'GLfloat'
     1>c:\users\mark\desktop\graphics work\viewports - current working model from class\forclass\datasource.h(58): warning C4305: 'initializing' : truncation from 'double' to 'GLfloat'
     1>c:\users\mark\desktop\graphics work\viewports - current working model from class\forclass\datasource.h(58): warning C4305: 'initializing' : truncation from 'double' to 'GLfloat'
     1>c:\users\mark\desktop\graphics work\viewports - current working model from class\forclass\datasource.h(58): warning C4305: 'initializing' : truncation from 'double' to 'GLfloat'
     1>c:\users\mark\desktop\graphics work\viewports - current working model from class\forclass\datasource.h(58): warning C4305: 'initializing' : truncation from 'double' to 'GLfloat'
     1>c:\users\mark\desktop\graphics work\viewports - current working model from class\forclass\datasource.h(58): warning C4305: 'initializing' : truncation from 'double' to 'GLfloat'
     1>c:\users\mark\desktop\graphics work\viewports - current working model from class\forclass\datasource.h(58): warning C4305: 'initializing' : truncation from 'double' to 'GLfloat'
     1>c:\users\mark\desktop\graphics work\viewports - current working model from class\forclass\datasource.h(58): warning C4305: 'initializing' : truncation from 'double' to 'GLfloat'
     1>c:\users\mark\desktop\graphics work\viewports - current working model from class\forclass\datasource.h(58): warning C4305: 'initializing' : truncation from 'double' to 'GLfloat'
     1>c:\users\mark\desktop\graphics work\viewports - current working model from class\forclass\datasource.h(58): warning C4305: 'initializing' : truncation from 'double' to 'GLfloat'
     1>c:\users\mark\desktop\graphics work\viewports - current working model from class\forclass\datasource.h(58): warning C4305: 'initializing' : truncation from 'double' to 'GLfloat'
     1>c:\users\mark\desktop\graphics work\viewports - current working model from class\forclass\datasource.h(58): warning C4305: 'initializing' : truncation from 'double' to 'GLfloat'
     1>c:\users\mark\desktop\graphics work\viewports - current working model from class\forclass\datasource.h(59): warning C4305: 'initializing' : truncation from 'double' to 'GLfloat'
     1>c:\users\mark\desktop\graphics work\viewports - current working model from class\forclass\datasource.h(59): warning C4305: 'initializing' : truncation from 'double' to 'GLfloat'
     1>c:\users\mark\desktop\graphics work\viewports - current working model from class\forclass\datasource.h(59): warning C4305: 'initializing' : truncation from 'double' to 'GLfloat'
     1>c:\users\mark\desktop\graphics work\viewports - current working model from class\forclass\datasource.h(59): warning C4305: 'initializing' : truncation from 'double' to 'GLfloat'
     1>c:\users\mark\desktop\graphics work\viewports - current working model from class\forclass\datasource.h(59): warning C4305: 'initializing' : truncation from 'double' to 'GLfloat'
     1>c:\users\mark\desktop\graphics work\viewports - current working model from class\forclass\datasource.h(59): warning C4305: 'initializing' : truncation from 'double' to 'GLfloat'
     1>c:\users\mark\desktop\graphics work\viewports - current working model from class\forclass\datasource.h(59): warning C4305: 'initializing' : truncation from 'double' to 'GLfloat'
     1>c:\users\mark\desktop\graphics work\viewports - current working model from class\forclass\datasource.h(59): warning C4305: 'initializing' : truncation from 'double' to 'GLfloat'
     1>c:\users\mark\desktop\graphics work\viewports - current working model from class\forclass\datasource.h(59): warning C4305: 'initializing' : truncation from 'double' to 'GLfloat'
     1>c:\users\mark\desktop\graphics work\viewports - current working model from class\forclass\datasource.h(59): warning C4305: 'initializing' : truncation from 'double' to 'GLfloat'
     1>c:\users\mark\desktop\graphics work\viewports - current working model from class\forclass\datasource.h(59): warning C4305: 'initializing' : truncation from 'double' to 'GLfloat'
     1>c:\users\mark\desktop\graphics work\viewports - current working model from class\forclass\datasource.h(59): warning C4305: 'initializing' : truncation from 'double' to 'GLfloat'
     1>c:\users\mark\desktop\graphics work\viewports - current working model from class\forclass\datasource.h(59): warning C4305: 'initializing' : truncation from 'double' to 'GLfloat'
     1>c:\users\mark\desktop\graphics work\viewports - current working model from class\forclass\datasource.h(60): warning C4305: 'initializing' : truncation from 'double' to 'GLfloat'
     1>c:\users\mark\desktop\graphics work\viewports - current working model from class\forclass\datasource.h(60): warning C4305: 'initializing' : truncation from 'double' to 'GLfloat'
     1>c:\users\mark\desktop\graphics work\viewports - current working model from class\forclass\datasource.h(60): warning C4305: 'initializing' : truncation from 'double' to 'GLfloat'
     1>c:\users\mark\desktop\graphics work\viewports - current working model from class\forclass\datasource.h(60): warning C4305: 'initializing' : truncation from 'double' to 'GLfloat'
     1>c:\users\mark\desktop\graphics work\viewports - current working model from class\forclass\datasource.h(60): warning C4305: 'initializing' : truncation from 'double' to 'GLfloat'
     1>c:\users\mark\desktop\graphics work\viewports - current working model from class\forclass\datasource.h(60): warning C4305: 'initializing' : truncation from 'double' to 'GLfloat'
     1>c:\users\mark\desktop\graphics work\viewports - current working model from class\forclass\datasource.h(60): warning C4305: 'initializing' : truncation from 'double' to 'GLfloat'
     1>c:\users\mark\desktop\graphics work\viewports - current working model from class\forclass\datasource.h(60): warning C4305: 'initializing' : truncation from 'double' to 'GLfloat'
     1>c:\users\mark\desktop\graphics work\viewports - current working model from class\forclass\datasource.h(60): warning C4305: 'initializing' : truncation from 'double' to 'GLfloat'
     1>c:\users\mark\desktop\graphics work\viewports - current working model from class\forclass\datasource.h(60): warning C4305: 'initializing' : truncation from 'double' to 'GLfloat'
     1>c:\users\mark\desktop\graphics work\viewports - current working model from class\forclass\datasource.h(61): warning C4305: 'initializing' : truncation from 'double' to 'GLfloat'
     1>c:\users\mark\desktop\graphics work\viewports - current working model from class\forclass\datasource.h(61): warning C4305: 'initializing' : truncation from 'double' to 'GLfloat'
     1>c:\users\mark\desktop\graphics work\viewports - current working model from class\forclass\datasource.h(61): warning C4305: 'initializing' : truncation from 'double' to 'GLfloat'
     1>c:\users\mark\desktop\graphics work\viewports - current working model from class\forclass\datasource.h(61): warning C4305: 'initializing' : truncation from 'double' to 'GLfloat'
     1>c:\users\mark\desktop\graphics work\viewports - current working model from class\forclass\datasource.h(61): warning C4305: 'initializing' : truncation from 'double' to 'GLfloat'
     1>c:\users\mark\desktop\graphics work\viewports - current working model from class\forclass\datasource.h(61): warning C4305: 'initializing' : truncation from 'double' to 'GLfloat'
     1>c:\users\mark\desktop\graphics work\viewports - current working model from class\forclass\datasource.h(61): warning C4305: 'initializing' : truncation from 'double' to 'GLfloat'
     1>c:\users\mark\desktop\graphics work\viewports - current working model from class\forclass\datasource.h(61): warning C4305: 'initializing' : truncation from 'double' to 'GLfloat'
     1>c:\users\mark\desktop\graphics work\viewports - current working model from class\forclass\datasource.h(61): warning C4305: 'initializing' : truncation from 'double' to 'GLfloat'
     1>c:\users\mark\desktop\graphics work\viewports - current working model from class\forclass\datasource.h(61): warning C4305: 'initializing' : truncation from 'double' to 'GLfloat'
     1>c:\users\mark\desktop\graphics work\viewports - current working model from class\forclass\datasource.h(61): warning C4305: 'initializing' : truncation from 'double' to 'GLfloat'
     1>c:\users\mark\desktop\graphics work\viewports - current working model from class\forclass\datasource.h(61): warning C4305: 'initializing' : truncation from 'double' to 'GLfloat'
     1>c:\users\mark\desktop\graphics work\viewports - current working model from class\forclass\datasource.h(61): warning C4305: 'initializing' : truncation from 'double' to 'GLfloat'
     1>c:\users\mark\desktop\graphics work\viewports - current working model from class\forclass\datasource.h(62): warning C4305: 'initializing' : truncation from 'double' to 'GLfloat'
     1>c:\users\mark\desktop\graphics work\viewports - current working model from class\forclass\datasource.h(62): warning C4305: 'initializing' : truncation from 'double' to 'GLfloat'
     1>c:\users\mark\desktop\graphics work\viewports - current working model from class\forclass\datasource.h(62): warning C4305: 'initializing' : truncation from 'double' to 'GLfloat'
     1>c:\users\mark\desktop\graphics work\viewports - current working model from class\forclass\datasource.h(62): warning C4305: 'initializing' : truncation from 'double' to 'GLfloat'
     1>c:\users\mark\desktop\graphics work\viewports - current working model from class\forclass\datasource.h(62): warning C4305: 'initializing' : truncation from 'double' to 'GLfloat'
     1>c:\users\mark\desktop\graphics work\viewports - current working model from class\forclass\datasource.h(62): warning C4305: 'initializing' : truncation from 'double' to 'GLfloat'
     1>c:\users\mark\desktop\graphics work\viewports - current working model from class\forclass\datasource.h(62): warning C4305: 'initializing' : truncation from 'double' to 'GLfloat'
     1>c:\users\mark\desktop\graphics work\viewports - current working model from class\forclass\datasource.h(62): warning C4305: 'initializing' : truncation from 'double' to 'GLfloat'
     1>c:\users\mark\desktop\graphics work\viewports - current working model from class\forclass\datasource.h(62): warning C4305: 'initializing' : truncation from 'double' to 'GLfloat'
     1>c:\users\mark\desktop\graphics work\viewports - current working model from class\forclass\datasource.h(62): warning C4305: 'initializing' : truncation from 'double' to 'GLfloat'
     1>c:\users\mark\desktop\graphics work\viewports - current working model from class\forclass\datasource.h(62): warning C4305: 'initializing' : truncation from 'double' to 'GLfloat'
     1>c:\users\mark\desktop\graphics work\viewports - current working model from class\forclass\datasource.h(62): warning C4305: 'initializing' : truncation from 'double' to 'GLfloat'
     1>c:\users\mark\desktop\graphics work\viewports - current working model from class\forclass\datasource.h(62): warning C4305: 'initializing' : truncation from 'double' to 'GLfloat'
     1>c:\users\mark\desktop\graphics work\viewports - current working model from class\forclass\datasource.h(63): warning C4305: 'initializing' : truncation from 'double' to 'GLfloat'
     1>c:\users\mark\desktop\graphics work\viewports - current working model from class\forclass\datasource.h(63): warning C4305: 'initializing' : truncation from 'double' to 'GLfloat'
     1>c:\users\mark\desktop\graphics work\viewports - current working model from class\forclass\datasource.h(63): warning C4305: 'initializing' : truncation from 'double' to 'GLfloat'
     1>c:\users\mark\desktop\graphics work\viewports - current working model from class\forclass\datasource.h(63): warning C4305: 'initializing' : truncation from 'double' to 'GLfloat'
     1>c:\users\mark\desktop\graphics work\viewports - current working model from class\forclass\datasource.h(63): warning C4305: 'initializing' : truncation from 'double' to 'GLfloat'
     1>c:\users\mark\desktop\graphics work\viewports - current working model from class\forclass\datasource.h(63): warning C4305: 'initializing' : truncation from 'double' to 'GLfloat'
     1>c:\users\mark\desktop\graphics work\viewports - current working model from class\forclass\datasource.h(63): warning C4305: 'initializing' : truncation from 'double' to 'GLfloat'
     1>c:\users\mark\desktop\graphics work\viewports - current working model from class\forclass\datasource.h(63): warning C4305: 'initializing' : truncation from 'double' to 'GLfloat'
     1>c:\users\mark\desktop\graphics work\viewports - current working model from class\forclass\datasource.h(63): warning C4305: 'initializing' : truncation from 'double' to 'GLfloat'
     1>c:\users\mark\desktop\graphics work\viewports - current working model from class\forclass\datasource.h(63): warning C4305: 'initializing' : truncation from 'double' to 'GLfloat'
     1>c:\users\mark\desktop\graphics work\viewports - current working model from class\forclass\datasource.h(63): warning C4305: 'initializing' : truncation from 'double' to 'GLfloat'
     1>c:\users\mark\desktop\graphics work\viewports - current working model from class\forclass\datasource.h(63): warning C4305: 'initializing' : truncation from 'double' to 'GLfloat'
     1>c:\users\mark\desktop\graphics work\viewports - current working model from class\forclass\datasource.h(63): warning C4305: 'initializing' : truncation from 'double' to 'GLfloat'
     1>c:\users\mark\desktop\graphics work\viewports - current working model from class\forclass\datasource.h(64): warning C4305: 'initializing' : truncation from 'double' to 'GLfloat'
     1>c:\users\mark\desktop\graphics work\viewports - current working model from class\forclass\datasource.h(64): warning C4305: 'initializing' : truncation from 'double' to 'GLfloat'
     1>c:\users\mark\desktop\graphics work\viewports - current working model from class\forclass\datasource.h(64): warning C4305: 'initializing' : truncation from 'double' to 'GLfloat'
     1>c:\users\mark\desktop\graphics work\viewports - current working model from class\forclass\datasource.h(65): warning C4305: 'initializing' : truncation from 'double' to 'GLfloat'
     1>c:\users\mark\desktop\graphics work\viewports - current working model from class\forclass\datasource.h(65): warning C4305: 'initializing' : truncation from 'double' to 'GLfloat'
     1>c:\users\mark\desktop\graphics work\viewports - current working model from class\forclass\datasource.h(65): warning C4305: 'initializing' : truncation from 'double' to 'GLfloat'
     1>c:\users\mark\desktop\graphics work\viewports - current working model from class\forclass\datasource.h(65): warning C4305: 'initializing' : truncation from 'double' to 'GLfloat'
     1>c:\users\mark\desktop\graphics work\viewports - current working model from class\forclass\datasource.h(65): warning C4305: 'initializing' : truncation from 'double' to 'GLfloat'
     1>c:\users\mark\desktop\graphics work\viewports - current working model from class\forclass\datasource.h(65): warning C4305: 'initializing' : truncation from 'double' to 'GLfloat'
     1>c:\users\mark\desktop\graphics work\viewports - current working model from class\forclass\datasource.h(65): warning C4305: 'initializing' : truncation from 'double' to 'GLfloat'
     1>c:\users\mark\desktop\graphics work\viewports - current working model from class\forclass\datasource.h(66): warning C4305: 'initializing' : truncation from 'double' to 'GLfloat'
     1>c:\users\mark\desktop\graphics work\viewports - current working model from class\forclass\datasource.h(66): warning C4305: 'initializing' : truncation from 'double' to 'GLfloat'
     1>c:\users\mark\desktop\graphics work\viewports - current working model from class\forclass\datasource.h(66): warning C4305: 'initializing' : truncation from 'double' to 'GLfloat'
     1>c:\users\mark\desktop\graphics work\viewports - current working model from class\forclass\datasource.h(66): warning C4305: 'initializing' : truncation from 'double' to 'GLfloat'
     1>c:\users\mark\desktop\graphics work\viewports - current working model from class\forclass\datasource.h(66): warning C4305: 'initializing' : truncation from 'double' to 'GLfloat'
     1>c:\users\mark\desktop\graphics work\viewports - current working model from class\forclass\datasource.h(66): warning C4305: 'initializing' : truncation from 'double' to 'GLfloat'
     1>c:\users\mark\desktop\graphics work\viewports - current working model from class\forclass\datasource.h(67): warning C4305: 'initializing' : truncation from 'double' to 'GLfloat'
     1>c:\users\mark\desktop\graphics work\viewports - current working model from class\forclass\datasource.h(67): warning C4305: 'initializing' : truncation from 'double' to 'GLfloat'
     1>c:\users\mark\desktop\graphics work\viewports - current working model from class\forclass\datasource.h(67): warning C4305: 'initializing' : truncation from 'double' to 'GLfloat'
     1>c:\users\mark\desktop\graphics work\viewports - current working model from class\forclass\datasource.h(68): warning C4305: 'initializing' : truncation from 'double' to 'GLfloat'
     1>c:\users\mark\desktop\graphics work\viewports - current working model from class\forclass\datasource.h(68): warning C4305: 'initializing' : truncation from 'double' to 'GLfloat'
     1>c:\users\mark\desktop\graphics work\viewports - current working model from class\forclass\datasource.h(68): warning C4305: 'initializing' : truncation from 'double' to 'GLfloat'
     1>c:\users\mark\desktop\graphics work\viewports - current working model from class\forclass\datasource.h(68): warning C4305: 'initializing' : truncation from 'double' to 'GLfloat'
     1>c:\users\mark\desktop\graphics work\viewports - current working model from class\forclass\datasource.h(68): warning C4305: 'initializing' : truncation from 'double' to 'GLfloat'
     1>c:\users\mark\desktop\graphics work\viewports - current working model from class\forclass\datasource.h(68): warning C4305: 'initializing' : truncation from 'double' to 'GLfloat'
     1>c:\users\mark\desktop\graphics work\viewports - current working model from class\forclass\datasource.h(69): warning C4305: 'initializing' : truncation from 'double' to 'GLfloat'
     1>c:\users\mark\desktop\graphics work\viewports - current working model from class\forclass\datasource.h(69): warning C4305: 'initializing' : truncation from 'double' to 'GLfloat'
     1>c:\users\mark\desktop\graphics work\viewports - current working model from class\forclass\datasource.h(70): warning C4305: 'initializing' : truncation from 'double' to 'GLfloat'
     1>c:\users\mark\desktop\graphics work\viewports - current working model from class\forclass\datasource.h(70): warning C4305: 'initializing' : truncation from 'double' to 'GLfloat'
     1>c:\users\mark\desktop\graphics work\viewports - current working model from class\forclass\datasource.h(70): warning C4305: 'initializing' : truncation from 'double' to 'GLfloat'
     1>c:\users\mark\desktop\graphics work\viewports - current working model from class\forclass\datasource.h(70): warning C4305: 'initializing' : truncation from 'double' to 'GLfloat'
     1>c:\users\mark\desktop\graphics work\viewports - current working model from class\forclass\datasource.h(70): warning C4305: 'initializing' : truncation from 'double' to 'GLfloat'
     1>c:\users\mark\desktop\graphics work\viewports - current working model from class\forclass\datasource.h(70): warning C4305: 'initializing' : truncation from 'double' to 'GLfloat'
     1>c:\users\mark\desktop\graphics work\viewports - current working model from class\forclass\datasource.h(70): warning C4305: 'initializing' : truncation from 'double' to 'GLfloat'
     1>c:\users\mark\desktop\graphics work\viewports - current working model from class\forclass\datasource.h(70): warning C4305: 'initializing' : truncation from 'double' to 'GLfloat'
     1>c:\users\mark\desktop\graphics work\viewports - current working model from class\forclass\datasource.h(70): warning C4305: 'initializing' : truncation from 'double' to 'GLfloat'
     1>c:\users\mark\desktop\graphics work\viewports - current working model from class\forclass\datasource.h(71): warning C4305: 'initializing' : truncation from 'double' to 'GLfloat'
     1>c:\users\mark\desktop\graphics work\viewports - current working model from class\forclass\datasource.h(71): warning C4305: 'initializing' : truncation from 'double' to 'GLfloat'
     1>c:\users\mark\desktop\graphics work\viewports - current working model from class\forclass\datasource.h(71): warning C4305: 'initializing' : truncation from 'double' to 'GLfloat'
     1>c:\users\mark\desktop\graphics work\viewports - current working model from class\forclass\datasource.h(71): warning C4305: 'initializing' : truncation from 'double' to 'GLfloat'
     1>c:\users\mark\desktop\graphics work\viewports - current working model from class\forclass\datasource.h(71): warning C4305: 'initializing' : truncation from 'double' to 'GLfloat'
     1>c:\users\mark\desktop\graphics work\viewports - current working model from class\forclass\datasource.h(71): warning C4305: 'initializing' : truncation from 'double' to 'GLfloat'
     1>c:\users\mark\desktop\graphics work\viewports - current working model from class\forclass\datasource.h(72): warning C4305: 'initializing' : truncation from 'double' to 'GLfloat'
     1>c:\users\mark\desktop\graphics work\viewports - current working model from class\forclass\datasource.h(72): warning C4305: 'initializing' : truncation from 'double' to 'GLfloat'
     1>c:\users\mark\desktop\graphics work\viewports - current working model from class\forclass\datasource.h(72): warning C4305: 'initializing' : truncation from 'double' to 'GLfloat'
     1>c:\users\mark\desktop\graphics work\viewports - current working model from class\forclass\datasource.h(72): warning C4305: 'initializing' : truncation from 'double' to 'GLfloat'
     1>c:\users\mark\desktop\graphics work\viewports - current working model from class\forclass\datasource.h(72): warning C4305: 'initializing' : truncation from 'double' to 'GLfloat'
     1>c:\users\mark\desktop\graphics work\viewports - current working model from class\forclass\datasource.h(72): warning C4305: 'initializing' : truncation from 'double' to 'GLfloat'
     1>c:\users\mark\desktop\graphics work\viewports - current working model from class\forclass\datasource.h(73): warning C4305: 'initializing' : truncation from 'double' to 'GLfloat'
     1>c:\users\mark\desktop\graphics work\viewports - current working model from class\forclass\datasource.h(73): warning C4305: 'initializing' : truncation from 'double' to 'GLfloat'
     1>c:\users\mark\desktop\graphics work\viewports - current working model from class\forclass\datasource.h(73): warning C4305: 'initializing' : truncation from 'double' to 'GLfloat'
     1>c:\users\mark\desktop\graphics work\viewports - current working model from class\forclass\datasource.h(73): warning C4305: 'initializing' : truncation from 'double' to 'GLfloat'
     1>c:\users\mark\desktop\graphics work\viewports - current working model from class\forclass\datasource.h(73): warning C4305: 'initializing' : truncation from 'double' to 'GLfloat'
     1>c:\users\mark\desktop\graphics work\viewports - current working model from class\forclass\datasource.h(73): warning C4305: 'initializing' : truncation from 'double' to 'GLfloat'
     1>c:\users\mark\desktop\graphics work\viewports - current working model from class\forclass\datasource.h(74): warning C4305: 'initializing' : truncation from 'double' to 'GLfloat'
     1>c:\users\mark\desktop\graphics work\viewports - current working model from class\forclass\datasource.h(74): warning C4305: 'initializing' : truncation from 'double' to 'GLfloat'
     1>c:\users\mark\desktop\graphics work\viewports - current working model from class\forclass\datasource.h(74): warning C4305: 'initializing' : truncation from 'double' to 'GLfloat'
     1>c:\users\mark\desktop\graphics work\viewports - current working model from class\forclass\datasource.h(74): warning C4305: 'initializing' : truncation from 'double' to 'GLfloat'
     1>c:\users\mark\desktop\graphics work\viewports - current working model from class\forclass\datasource.h(74): warning C4305: 'initializing' : truncation from 'double' to 'GLfloat'
     1>c:\users\mark\desktop\graphics work\viewports - current working model from class\forclass\datasource.h(74): warning C4305: 'initializing' : truncation from 'double' to 'GLfloat'
     1>c:\users\mark\desktop\graphics work\viewports - current working model from class\forclass\datasource.h(75): warning C4305: 'initializing' : truncation from 'double' to 'GLfloat'
     1>c:\users\mark\desktop\graphics work\viewports - current working model from class\forclass\datasource.h(75): warning C4305: 'initializing' : truncation from 'double' to 'GLfloat'
     1>c:\users\mark\desktop\graphics work\viewports - current working model from class\forclass\datasource.h(75): warning C4305: 'initializing' : truncation from 'double' to 'GLfloat'
     1>c:\users\mark\desktop\graphics work\viewports - current working model from class\forclass\datasource.h(75): warning C4305: 'initializing' : truncation from 'double' to 'GLfloat'
     1>c:\users\mark\desktop\graphics work\viewports - current working model from class\forclass\datasource.h(75): warning C4305: 'initializing' : truncation from 'double' to 'GLfloat'
     1>c:\users\mark\desktop\graphics work\viewports - current working model from class\forclass\datasource.h(75): warning C4305: 'initializing' : truncation from 'double' to 'GLfloat'
     1>c:\users\mark\desktop\graphics work\viewports - current working model from class\forclass\datasource.h(76): warning C4305: 'initializing' : truncation from 'double' to 'GLfloat'
     1>c:\users\mark\desktop\graphics work\viewports - current working model from class\forclass\datasource.h(76): warning C4305: 'initializing' : truncation from 'double' to 'GLfloat'
     1>c:\users\mark\desktop\graphics work\viewports - current working model from class\forclass\datasource.h(76): warning C4305: 'initializing' : truncation from 'double' to 'GLfloat'
     1>c:\users\mark\desktop\graphics work\viewports - current working model from class\forclass\datasource.h(76): warning C4305: 'initializing' : truncation from 'double' to 'GLfloat'
     1>c:\users\mark\desktop\graphics work\viewports - current working model from class\forclass\datasource.h(76): warning C4305: 'initializing' : truncation from 'double' to 'GLfloat'
     1>c:\users\mark\desktop\graphics work\viewports - current working model from class\forclass\datasource.h(76): warning C4305: 'initializing' : truncation from 'double' to 'GLfloat'
     1>c:\users\mark\desktop\graphics work\viewports - current working model from class\forclass\datasource.h(76): warning C4305: 'initializing' : truncation from 'double' to 'GLfloat'
     1>c:\users\mark\desktop\graphics work\viewports - current working model from class\forclass\datasource.h(76): warning C4305: 'initializing' : truncation from 'double' to 'GLfloat'
     1>c:\users\mark\desktop\graphics work\viewports - current working model from class\forclass\datasource.h(76): warning C4305: 'initializing' : truncation from 'double' to 'GLfloat'
     1>c:\users\mark\desktop\graphics work\viewports - current working model from class\forclass\datasource.h(76): warning C4305: 'initializing' : truncation from 'double' to 'GLfloat'
     1>c:\users\mark\desktop\graphics work\viewports - current working model from class\forclass\datasource.h(76): warning C4305: 'initializing' : truncation from 'double' to 'GLfloat'
     1>c:\users\mark\desktop\graphics work\viewports - current working model from class\forclass\datasource.h(76): warning C4305: 'initializing' : truncation from 'double' to 'GLfloat'
     1>c:\users\mark\desktop\graphics work\viewports - current working model from class\forclass\datasource.h(76): warning C4305: 'initializing' : truncation from 'double' to 'GLfloat'
     1>c:\users\mark\desktop\graphics work\viewports - current working model from class\forclass\datasource.h(76): warning C4305: 'initializing' : truncation from 'double' to 'GLfloat'
     1>c:\users\mark\desktop\graphics work\viewports - current working model from class\forclass\datasource.h(76): warning C4305: 'initializing' : truncation from 'double' to 'GLfloat'
     1>c:\users\mark\desktop\graphics work\viewports - current working model from class\forclass\datasource.h(76): warning C4305: 'initializing' : truncation from 'double' to 'GLfloat'
     1>c:\users\mark\desktop\graphics work\viewports - current working model from class\forclass\datasource.h(77): warning C4305: 'initializing' : truncation from 'double' to 'GLfloat'
     1>c:\users\mark\desktop\graphics work\viewports - current working model from class\forclass\datasource.h(77): warning C4305: 'initializing' : truncation from 'double' to 'GLfloat'
     1>c:\users\mark\desktop\graphics work\viewports - current working model from class\forclass\datasource.h(77): warning C4305: 'initializing' : truncation from 'double' to 'GLfloat'
     1>c:\users\mark\desktop\graphics work\viewports - current working model from class\forclass\datasource.h(77): warning C4305: 'initializing' : truncation from 'double' to 'GLfloat'
     1>c:\users\mark\desktop\graphics work\viewports - current working model from class\forclass\datasource.h(77): warning C4305: 'initializing' : truncation from 'double' to 'GLfloat'
     1>c:\users\mark\desktop\graphics work\viewports - current working model from class\forclass\datasource.h(77): warning C4305: 'initializing' : truncation from 'double' to 'GLfloat'
     1>c:\users\mark\desktop\graphics work\viewports - current working model from class\forclass\datasource.h(77): warning C4305: 'initializing' : truncation from 'double' to 'GLfloat'
     1>c:\users\mark\desktop\graphics work\viewports - current working model from class\forclass\datasource.h(77): warning C4305: 'initializing' : truncation from 'double' to 'GLfloat'
     1>c:\users\mark\desktop\graphics work\viewports - current working model from class\forclass\datasource.h(77): warning C4305: 'initializing' : truncation from 'double' to 'GLfloat'
     1>c:\users\mark\desktop\graphics work\viewports - current working model from class\forclass\datasource.h(77): warning C4305: 'initializing' : truncation from 'double' to 'GLfloat'
     1>c:\users\mark\desktop\graphics work\viewports - current working model from class\forclass\datasource.h(77): warning C4305: 'initializing' : truncation from 'double' to 'GLfloat'
     1>c:\users\mark\desktop\graphics work\viewports - current working model from class\forclass\datasource.h(77): warning C4305: 'initializing' : truncation from 'double' to 'GLfloat'
     1>c:\users\mark\desktop\graphics work\viewports - current working model from class\forclass\datasource.h(78): warning C4305: 'initializing' : truncation from 'double' to 'GLfloat'
     1>c:\users\mark\desktop\graphics work\viewports - current working model from class\forclass\datasource.h(78): warning C4305: 'initializing' : truncation from 'double' to 'GLfloat'
     1>c:\users\mark\desktop\graphics work\viewports - current working model from class\forclass\datasource.h(78): warning C4305: 'initializing' : truncation from 'double' to 'GLfloat'
     1>c:\users\mark\desktop\graphics work\viewports - current working model from class\forclass\datasource.h(78): warning C4305: 'initializing' : truncation from 'double' to 'GLfloat'
     1>c:\users\mark\desktop\graphics work\viewports - current working model from class\forclass\datasource.h(78): warning C4305: 'initializing' : truncation from 'double' to 'GLfloat'
     1>c:\users\mark\desktop\graphics work\viewports - current working model from class\forclass\datasource.h(78): warning C4305: 'initializing' : truncation from 'double' to 'GLfloat'
     1>c:\users\mark\desktop\graphics work\viewports - current working model from class\forclass\datasource.h(78): warning C4305: 'initializing' : truncation from 'double' to 'GLfloat'
     1>c:\users\mark\desktop\graphics work\viewports - current working model from class\forclass\datasource.h(78): warning C4305: 'initializing' : truncation from 'double' to 'GLfloat'
     1>c:\users\mark\desktop\graphics work\viewports - current working model from class\forclass\datasource.h(78): warning C4305: 'initializing' : truncation from 'double' to 'GLfloat'
     1>c:\users\mark\desktop\graphics work\viewports - current working model from class\forclass\datasource.h(78): warning C4305: 'initializing' : truncation from 'double' to 'GLfloat'
     1>c:\users\mark\desktop\graphics work\viewports - current working model from class\forclass\datasource.h(78): warning C4305: 'initializing' : truncation from 'double' to 'GLfloat'
     1>c:\users\mark\desktop\graphics work\viewports - current working model from class\forclass\datasource.h(78): warning C4305: 'initializing' : truncation from 'double' to 'GLfloat'
     1>c:\users\mark\desktop\graphics work\viewports - current working model from class\forclass\datasource.h(78): warning C4305: 'initializing' : truncation from 'double' to 'GLfloat'
     1>c:\users\mark\desktop\graphics work\viewports - current working model from class\forclass\datasource.h(78): warning C4305: 'initializing' : truncation from 'double' to 'GLfloat'
     1>c:\users\mark\desktop\graphics work\viewports - current working model from class\forclass\datasource.h(79): warning C4305: 'initializing' : truncation from 'double' to 'GLfloat'
     1>c:\users\mark\desktop\graphics work\viewports - current working model from class\forclass\datasource.h(79): warning C4305: 'initializing' : truncation from 'double' to 'GLfloat'
     1>c:\users\mark\desktop\graphics work\viewports - current working model from class\forclass\datasource.h(79): warning C4305: 'initializing' : truncation from 'double' to 'GLfloat'
     1>c:\users\mark\desktop\graphics work\viewports - current working model from class\forclass\datasource.h(79): warning C4305: 'initializing' : truncation from 'double' to 'GLfloat'
     1>c:\users\mark\desktop\graphics work\viewports - current working model from class\forclass\datasource.h(79): warning C4305: 'initializing' : truncation from 'double' to 'GLfloat'
     1>c:\users\mark\desktop\graphics work\viewports - current working model from class\forclass\datasource.h(79): warning C4305: 'initializing' : truncation from 'double' to 'GLfloat'
     1>c:\users\mark\desktop\graphics work\viewports - current working model from class\forclass\datasource.h(79): warning C4305: 'initializing' : truncation from 'double' to 'GLfloat'
     1>c:\users\mark\desktop\graphics work\viewports - current working model from class\forclass\datasource.h(79): warning C4305: 'initializing' : truncation from 'double' to 'GLfloat'
     1>c:\users\mark\desktop\graphics work\viewports - current working model from class\forclass\datasource.h(79): warning C4305: 'initializing' : truncation from 'double' to 'GLfloat'
     1>c:\users\mark\desktop\graphics work\viewports - current working model from class\forclass\datasource.h(79): warning C4305: 'initializing' : truncation from 'double' to 'GLfloat'
     1>c:\users\mark\desktop\graphics work\viewports - current working model from class\forclass\datasource.h(79): warning C4305: 'initializing' : truncation from 'double' to 'GLfloat'
     1>c:\users\mark\desktop\graphics work\viewports - current working model from class\forclass\datasource.h(79): warning C4305: 'initializing' : truncation from 'double' to 'GLfloat'
     1>c:\users\mark\desktop\graphics work\viewports - current working model from class\forclass\datasource.h(79): warning C4305: 'initializing' : truncation from 'double' to 'GLfloat'
     1>c:\users\mark\desktop\graphics work\viewports - current working model from class\forclass\datasource.h(79): warning C4305: 'initializing' : truncation from 'double' to 'GLfloat'
     1>c:\users\mark\desktop\graphics work\viewports - current working model from class\forclass\datasource.h(79): warning C4305: 'initializing' : truncation from 'double' to 'GLfloat'
     1>c:\users\mark\desktop\graphics work\viewports - current working model from class\forclass\datasource.h(79): warning C4305: 'initializing' : truncation from 'double' to 'GLfloat'
     1>c:\users\mark\desktop\graphics work\viewports - current working model from class\forclass\datasource.h(80): warning C4305: 'initializing' : truncation from 'double' to 'GLfloat'
     1>c:\users\mark\desktop\graphics work\viewports - current working model from class\forclass\datasource.h(80): warning C4305: 'initializing' : truncation from 'double' to 'GLfloat'
     1>c:\users\mark\desktop\graphics work\viewports - current working model from class\forclass\datasource.h(80): warning C4305: 'initializing' : truncation from 'double' to 'GLfloat'
     1>c:\users\mark\desktop\graphics work\viewports - current working model from class\forclass\datasource.h(80): warning C4305: 'initializing' : truncation from 'double' to 'GLfloat'
     1>c:\users\mark\desktop\graphics work\viewports - current working model from class\forclass\datasource.h(80): warning C4305: 'initializing' : truncation from 'double' to 'GLfloat'
     1>c:\users\mark\desktop\graphics work\viewports - current working model from class\forclass\datasource.h(80): warning C4305: 'initializing' : truncation from 'double' to 'GLfloat'
     1>c:\users\mark\desktop\graphics work\viewports - current working model from class\forclass\datasource.h(80): warning C4305: 'initializing' : truncation from 'double' to 'GLfloat'
     1>c:\users\mark\desktop\graphics work\viewports - current working model from class\forclass\datasource.h(80): warning C4305: 'initializing' : truncation from 'double' to 'GLfloat'
     1>c:\users\mark\desktop\graphics work\viewports - current working model from class\forclass\datasource.h(80): warning C4305: 'initializing' : truncation from 'double' to 'GLfloat'
     1>c:\users\mark\desktop\graphics work\viewports - current working model from class\forclass\datasource.h(80): warning C4305: 'initializing' : truncation from 'double' to 'GLfloat'
     1>c:\users\mark\desktop\graphics work\viewports - current working model from class\forclass\datasource.h(80): warning C4305: 'initializing' : truncation from 'double' to 'GLfloat'
     1>c:\users\mark\desktop\graphics work\viewports - current working model from class\forclass\datasource.h(80): warning C4305: 'initializing' : truncation from 'double' to 'GLfloat'
     1>c:\users\mark\desktop\graphics work\viewports - current working model from class\forclass\datasource.h(80): warning C4305: 'initializing' : truncation from 'double' to 'GLfloat'
     1>c:\users\mark\desktop\graphics work\viewports - current working model from class\forclass\datasource.h(111): warning C4305: '=' : truncation from 'double' to 'GLfloat'
     1>c:\users\mark\desktop\graphics work\viewports - current working model from class\forclass\datasource.h(113): warning C4305: '=' : truncation from 'double' to 'GLfloat'
     1>c:\users\mark\desktop\graphics work\viewports - current working model from class\forclass\datasource.h(115): warning C4305: '=' : truncation from 'double' to 'GLfloat'
     1>c:\users\mark\desktop\graphics work\viewports - current working model from class\forclass\datasource.h(116): warning C4305: '=' : truncation from 'double' to 'GLfloat'
     1>c:\users\mark\desktop\graphics work\viewports - current working model from class\forclass\datasource.h(118): warning C4305: '=' : truncation from 'double' to 'GLfloat'
     1>c:\users\mark\desktop\graphics work\viewports - current working model from class\forclass\datasource.h(125): warning C4305: '=' : truncation from 'double' to 'GLfloat'
     1>c:\users\mark\desktop\graphics work\viewports - current working model from class\forclass\datasource.h(127): warning C4305: '=' : truncation from 'double' to 'GLfloat'
     1>c:\users\mark\desktop\graphics work\viewports - current working model from class\forclass\datasource.h(130): warning C4305: '=' : truncation from 'double' to 'GLfloat'
     1>c:\users\mark\desktop\graphics work\viewports - current working model from class\forclass\datasource.h(132): warning C4305: '=' : truncation from 'double' to 'GLfloat'
     1>c:\users\mark\desktop\graphics work\viewports - current working model from class\forclass\datasource.h(143): warning C4305: '=' : truncation from 'double' to 'GLfloat'
     1>c:\users\mark\desktop\graphics work\viewports - current working model from class\forclass\datasource.h(145): warning C4305: '=' : truncation from 'double' to 'GLfloat'
     1>c:\users\mark\desktop\graphics work\viewports - current working model from class\forclass\datasource.h(146): warning C4305: '=' : truncation from 'double' to 'GLfloat'
     1>c:\users\mark\desktop\graphics work\viewports - current working model from class\forclass\datasource.h(148): warning C4305: '=' : truncation from 'double' to 'GLfloat'
     1>c:\users\mark\desktop\graphics work\viewports - current working model from class\forclass\datasource.h(156): warning C4305: '=' : truncation from 'double' to 'GLfloat'
     1>c:\users\mark\desktop\graphics work\viewports - current working model from class\forclass\datasource.h(158): warning C4305: '=' : truncation from 'double' to 'GLfloat'
     1>c:\users\mark\desktop\graphics work\viewports - current working model from class\forclass\datasource.h(160): warning C4305: '=' : truncation from 'double' to 'GLfloat'
     1>c:\users\mark\desktop\graphics work\viewports - current working model from class\forclass\datasource.h(163): warning C4305: '=' : truncation from 'double' to 'GLfloat'
     1>c:\users\mark\desktop\graphics work\viewports - current working model from class\forclass\datasource.h(170): warning C4305: '=' : truncation from 'double' to 'GLfloat'
     1>c:\users\mark\desktop\graphics work\viewports - current working model from class\forclass\datasource.h(172): warning C4305: '=' : truncation from 'double' to 'GLfloat'
     1>c:\users\mark\desktop\graphics work\viewports - current working model from class\forclass\datasource.h(174): warning C4305: '=' : truncation from 'double' to 'GLfloat'
     1>c:\users\mark\desktop\graphics work\viewports - current working model from class\forclass\datasource.h(175): warning C4305: '=' : truncation from 'double' to 'GLfloat'
     1>c:\users\mark\desktop\graphics work\viewports - current working model from class\forclass\datasource.h(177): warning C4305: '=' : truncation from 'double' to 'GLfloat'
     1>c:\users\mark\desktop\graphics work\viewports - current working model from class\forclass\datasource.h(185): warning C4305: '=' : truncation from 'double' to 'GLfloat'
     1>c:\users\mark\desktop\graphics work\viewports - current working model from class\forclass\datasource.h(187): warning C4305: '=' : truncation from 'double' to 'GLfloat'
     1>c:\users\mark\desktop\graphics work\viewports - current working model from class\forclass\datasource.h(189): warning C4305: '=' : truncation from 'double' to 'GLfloat'
     1>c:\users\mark\desktop\graphics work\viewports - current working model from class\forclass\datasource.h(190): warning C4305: '=' : truncation from 'double' to 'GLfloat'
     1>c:\users\mark\desktop\graphics work\viewports - current working model from class\forclass\datasource.h(192): warning C4305: '=' : truncation from 'double' to 'GLfloat'
     1>c:\users\mark\desktop\graphics work\viewports - current working model from class\forclass\datasource.h(199): warning C4305: '=' : truncation from 'double' to 'GLfloat'
     1>c:\users\mark\desktop\graphics work\viewports - current working model from class\forclass\datasource.h(201): warning C4305: '=' : truncation from 'double' to 'GLfloat'
     1>c:\users\mark\desktop\graphics work\viewports - current working model from class\forclass\datasource.h(203): warning C4305: '=' : truncation from 'double' to 'GLfloat'
     1>c:\users\mark\desktop\graphics work\viewports - current working model from class\forclass\datasource.h(204): warning C4305: '=' : truncation from 'double' to 'GLfloat'
     1>c:\users\mark\desktop\graphics work\viewports - current working model from class\forclass\datasource.h(205): warning C4305: '=' : truncation from 'double' to 'GLfloat'
     1>c:\users\mark\desktop\graphics work\viewports - current working model from class\forclass\datasource.h(206): warning C4305: '=' : truncation from 'double' to 'GLfloat'
     1>c:\users\mark\desktop\graphics work\viewports - current working model from class\forclass\datasource.h(212): warning C4305: '=' : truncation from 'double' to 'GLfloat'
     1>c:\users\mark\desktop\graphics work\viewports - current working model from class\forclass\datasource.h(214): warning C4305: '=' : truncation from 'double' to 'GLfloat'
     1>c:\users\mark\desktop\graphics work\viewports - current working model from class\forclass\datasource.h(216): warning C4305: '=' : truncation from 'double' to 'GLfloat'
     1>c:\users\mark\desktop\graphics work\viewports - current working model from class\forclass\datasource.h(217): warning C4305: '=' : truncation from 'double' to 'GLfloat'
     1>c:\users\mark\desktop\graphics work\viewports - current working model from class\forclass\datasource.h(219): warning C4305: '=' : truncation from 'double' to 'GLfloat'
     1>c:\users\mark\desktop\graphics work\viewports - current working model from class\forclass\datasource.h(226): warning C4305: '=' : truncation from 'double' to 'GLfloat'
     1>c:\users\mark\desktop\graphics work\viewports - current working model from class\forclass\datasource.h(228): warning C4305: '=' : truncation from 'double' to 'GLfloat'
     1>c:\users\mark\desktop\graphics work\viewports - current working model from class\forclass\datasource.h(230): warning C4305: '=' : truncation from 'double' to 'GLfloat'
     1>c:\users\mark\desktop\graphics work\viewports - current working model from class\forclass\datasource.h(232): warning C4305: '=' : truncation from 'double' to 'GLfloat'
     1>c:\users\mark\desktop\graphics work\viewports - current working model from class\forclass\datasource.h(233): warning C4305: '=' : truncation from 'double' to 'GLfloat'
     1>c:\users\mark\desktop\graphics work\viewports - current working model from class\forclass\datasource.h(239): warning C4305: '=' : truncation from 'double' to 'GLfloat'
     1>c:\users\mark\desktop\graphics work\viewports - current working model from class\forclass\datasource.h(241): warning C4305: '=' : truncation from 'double' to 'GLfloat'
     1>c:\users\mark\desktop\graphics work\viewports - current working model from class\forclass\datasource.h(243): warning C4305: '=' : truncation from 'double' to 'GLfloat'
     1>c:\users\mark\desktop\graphics work\viewports - current working model from class\forclass\datasource.h(244): warning C4305: '=' : truncation from 'double' to 'GLfloat'
     1>c:\users\mark\desktop\graphics work\viewports - current working model from class\forclass\datasource.h(245): warning C4305: '=' : truncation from 'double' to 'GLfloat'
     1>c:\users\mark\desktop\graphics work\viewports - current working model from class\forclass\datasource.h(246): warning C4305: '=' : truncation from 'double' to 'GLfloat'
     1>c:\users\mark\desktop\graphics work\viewports - current working model from class\forclass\datasource.h(252): warning C4305: '=' : truncation from 'double' to 'GLfloat'
     1>c:\users\mark\desktop\graphics work\viewports - current working model from class\forclass\datasource.h(254): warning C4305: '=' : truncation from 'double' to 'GLfloat'
     1>c:\users\mark\desktop\graphics work\viewports - current working model from class\forclass\datasource.h(256): warning C4305: '=' : truncation from 'double' to 'GLfloat'
     1>c:\users\mark\desktop\graphics work\viewports - current working model from class\forclass\datasource.h(257): warning C4305: '=' : truncation from 'double' to 'GLfloat'
     1>c:\users\mark\desktop\graphics work\viewports - current working model from class\forclass\datasource.h(258): warning C4305: '=' : truncation from 'double' to 'GLfloat'
     1>c:\users\mark\desktop\graphics work\viewports - current working model from class\forclass\datasource.h(259): warning C4305: '=' : truncation from 'double' to 'GLfloat'
     1>c:\users\mark\desktop\graphics work\viewports - current working model from class\forclass\datasource.h(265): warning C4305: '=' : truncation from 'double' to 'GLfloat'
     1>c:\users\mark\desktop\graphics work\viewports - current working model from class\forclass\datasource.h(267): warning C4305: '=' : truncation from 'double' to 'GLfloat'
     1>c:\users\mark\desktop\graphics work\viewports - current working model from class\forclass\datasource.h(269): warning C4305: '=' : truncation from 'double' to 'GLfloat'
     1>c:\users\mark\desktop\graphics work\viewports - current working model from class\forclass\datasource.h(270): warning C4305: '=' : truncation from 'double' to 'GLfloat'
     1>c:\users\mark\desktop\graphics work\viewports - current working model from class\forclass\datasource.h(271): warning C4305: '=' : truncation from 'double' to 'GLfloat'
     1>c:\users\mark\desktop\graphics work\viewports - current working model from class\forclass\datasource.h(272): warning C4305: '=' : truncation from 'double' to 'GLfloat'
     1>c:\users\mark\desktop\graphics work\viewports - current working model from class\forclass\datasource.h(279): warning C4305: '=' : truncation from 'double' to 'GLfloat'
     1>c:\users\mark\desktop\graphics work\viewports - current working model from class\forclass\datasource.h(281): warning C4305: '=' : truncation from 'double' to 'GLfloat'
     1>c:\users\mark\desktop\graphics work\viewports - current working model from class\forclass\datasource.h(283): warning C4305: '=' : truncation from 'double' to 'GLfloat'
     1>c:\users\mark\desktop\graphics work\viewports - current working model from class\forclass\datasource.h(284): warning C4305: '=' : truncation from 'double' to 'GLfloat'
     1>c:\users\mark\desktop\graphics work\viewports - current working model from class\forclass\datasource.h(286): warning C4305: '=' : truncation from 'double' to 'GLfloat'
     1>c:\users\mark\desktop\graphics work\viewports - current working model from class\forclass\datasource.h(293): warning C4305: '=' : truncation from 'double' to 'GLfloat'
     1>c:\users\mark\desktop\graphics work\viewports - current working model from class\forclass\datasource.h(295): warning C4305: '=' : truncation from 'double' to 'GLfloat'
     1>c:\users\mark\desktop\graphics work\viewports - current working model from class\forclass\datasource.h(297): warning C4305: '=' : truncation from 'double' to 'GLfloat'
     1>c:\users\mark\desktop\graphics work\viewports - current working model from class\forclass\datasource.h(298): warning C4305: '=' : truncation from 'double' to 'GLfloat'
     1>c:\users\mark\desktop\graphics work\viewports - current working model from class\forclass\datasource.h(299): warning C4244: '=' : conversion from 'double' to 'GLfloat', possible loss of data
     1>c:\users\mark\desktop\graphics work\viewports - current working model from class\forclass\datasource.h(300): warning C4305: '=' : truncation from 'double' to 'GLfloat'
     1>c:\users\mark\desktop\graphics work\viewports - current working model from class\forclass\datasource.h(306): warning C4305: '=' : truncation from 'double' to 'GLfloat'
     1>c:\users\mark\desktop\graphics work\viewports - current working model from class\forclass\datasource.h(308): warning C4305: '=' : truncation from 'double' to 'GLfloat'
     1>c:\users\mark\desktop\graphics work\viewports - current working model from class\forclass\datasource.h(310): warning C4305: '=' : truncation from 'double' to 'GLfloat'
     1>c:\users\mark\desktop\graphics work\viewports - current working model from class\forclass\datasource.h(311): warning C4305: '=' : truncation from 'double' to 'GLfloat'
     1>c:\users\mark\desktop\graphics work\viewports - current working model from class\forclass\datasource.h(312): warning C4244: '=' : conversion from 'double' to 'GLfloat', possible loss of data
     1>c:\users\mark\desktop\graphics work\viewports - current working model from class\forclass\datasource.h(313): warning C4305: '=' : truncation from 'double' to 'GLfloat'
     1>c:\users\mark\desktop\graphics work\viewports - current working model from class\forclass\datasource.h(319): warning C4305: '=' : truncation from 'double' to 'GLfloat'
     1>c:\users\mark\desktop\graphics work\viewports - current working model from class\forclass\datasource.h(321): warning C4305: '=' : truncation from 'double' to 'GLfloat'
     1>c:\users\mark\desktop\graphics work\viewports - current working model from class\forclass\datasource.h(323): warning C4305: '=' : truncation from 'double' to 'GLfloat'
     1>c:\users\mark\desktop\graphics work\viewports - current working model from class\forclass\datasource.h(324): warning C4305: '=' : truncation from 'double' to 'GLfloat'
     1>c:\users\mark\desktop\graphics work\viewports - current working model from class\forclass\datasource.h(325): warning C4244: '=' : conversion from 'double' to 'GLfloat', possible loss of data
     1>c:\users\mark\desktop\graphics work\viewports - current working model from class\forclass\datasource.h(326): warning C4305: '=' : truncation from 'double' to 'GLfloat'
     1>c:\users\mark\desktop\graphics work\viewports - current working model from class\forclass\datasource.h(332): warning C4305: '=' : truncation from 'double' to 'GLfloat'
     1>c:\users\mark\desktop\graphics work\viewports - current working model from class\forclass\datasource.h(336): warning C4305: '=' : truncation from 'double' to 'GLfloat'
     1>c:\users\mark\desktop\graphics work\viewports - current working model from class\forclass\datasource.h(337): warning C4305: '=' : truncation from 'double' to 'GLfloat'
     1>c:\users\mark\desktop\graphics work\viewports - current working model from class\forclass\datasource.h(338): warning C4244: '=' : conversion from 'double' to 'GLfloat', possible loss of data
     1>c:\users\mark\desktop\graphics work\viewports - current working model from class\forclass\datasource.h(339): warning C4305: '=' : truncation from 'double' to 'GLfloat'
     1>c:\users\mark\desktop\graphics work\viewports - current working model from class\forclass\datasource.h(344): warning C4305: '=' : truncation from 'double' to 'GLfloat'
     1>c:\users\mark\desktop\graphics work\viewports - current working model from class\forclass\datasource.h(348): warning C4305: '=' : truncation from 'double' to 'GLfloat'
     1>c:\users\mark\desktop\graphics work\viewports - current working model from class\forclass\datasource.h(349): warning C4305: '=' : truncation from 'double' to 'GLfloat'
     1>c:\users\mark\desktop\graphics work\viewports - current working model from class\forclass\datasource.h(350): warning C4244: '=' : conversion from 'double' to 'GLfloat', possible loss of data
     1>c:\users\mark\desktop\graphics work\viewports - current working model from class\forclass\datasource.h(351): warning C4305: '=' : truncation from 'double' to 'GLfloat'
     1>c:\users\mark\desktop\graphics work\viewports - current working model from class\forclass\datasource.h(357): warning C4305: '=' : truncation from 'double' to 'GLfloat'
     1>c:\users\mark\desktop\graphics work\viewports - current working model from class\forclass\datasource.h(359): warning C4305: '=' : truncation from 'double' to 'GLfloat'
     1>c:\users\mark\desktop\graphics work\viewports - current working model from class\forclass\datasource.h(361): warning C4305: '=' : truncation from 'double' to 'GLfloat'
     1>c:\users\mark\desktop\graphics work\viewports - current working model from class\forclass\datasource.h(362): warning C4305: '=' : truncation from 'double' to 'GLfloat'
     1>c:\users\mark\desktop\graphics work\viewports - current working model from class\forclass\datasource.h(363): warning C4244: '=' : conversion from 'double' to 'GLfloat', possible loss of data
     1>c:\users\mark\desktop\graphics work\viewports - current working model from class\forclass\datasource.h(364): warning C4305: '=' : truncation from 'double' to 'GLfloat'
     1>c:\users\mark\desktop\graphics work\viewports - current working model from class\forclass\datasource.h(370): warning C4305: '=' : truncation from 'double' to 'GLfloat'
     1>c:\users\mark\desktop\graphics work\viewports - current working model from class\forclass\datasource.h(372): warning C4305: '=' : truncation from 'double' to 'GLfloat'
     1>c:\users\mark\desktop\graphics work\viewports - current working model from class\forclass\datasource.h(374): warning C4305: '=' : truncation from 'double' to 'GLfloat'
     1>c:\users\mark\desktop\graphics work\viewports - current working model from class\forclass\datasource.h(375): warning C4305: '=' : truncation from 'double' to 'GLfloat'
     1>c:\users\mark\desktop\graphics work\viewports - current working model from class\forclass\datasource.h(376): warning C4244: '=' : conversion from 'double' to 'GLfloat', possible loss of data
     1>c:\users\mark\desktop\graphics work\viewports - current working model from class\forclass\datasource.h(377): warning C4305: '=' : truncation from 'double' to 'GLfloat'
     1>c:\users\mark\desktop\graphics work\viewports - current working model from class\forclass\datasource.h(384): warning C4305: '=' : truncation from 'double' to 'GLfloat'
     1>c:\users\mark\desktop\graphics work\viewports - current working model from class\forclass\datasource.h(386): warning C4305: '=' : truncation from 'double' to 'GLfloat'
     1>c:\users\mark\desktop\graphics work\viewports - current working model from class\forclass\datasource.h(388): warning C4305: '=' : truncation from 'double' to 'GLfloat'
     1>c:\users\mark\desktop\graphics work\viewports - current working model from class\forclass\datasource.h(389): warning C4305: '=' : truncation from 'double' to 'GLfloat'
     1>c:\users\mark\desktop\graphics work\viewports - current working model from class\forclass\datasource.h(391): warning C4305: '=' : truncation from 'double' to 'GLfloat'
     1>c:\users\mark\desktop\graphics work\viewports - current working model from class\forclass\datasource.h(398): warning C4305: '=' : truncation from 'double' to 'GLfloat'
     1>c:\users\mark\desktop\graphics work\viewports - current working model from class\forclass\datasource.h(400): warning C4305: '=' : truncation from 'double' to 'GLfloat'
     1>c:\users\mark\desktop\graphics work\viewports - current working model from class\forclass\datasource.h(402): warning C4305: '=' : truncation from 'double' to 'GLfloat'
     1>c:\users\mark\desktop\graphics work\viewports - current working model from class\forclass\datasource.h(403): warning C4305: '=' : truncation from 'double' to 'GLfloat'
     1>c:\users\mark\desktop\graphics work\viewports - current working model from class\forclass\datasource.h(404): warning C4305: '=' : truncation from 'double' to 'GLfloat'
     1>c:\users\mark\desktop\graphics work\viewports - current working model from class\forclass\datasource.h(405): warning C4305: '=' : truncation from 'double' to 'GLfloat'
     1>c:\users\mark\desktop\graphics work\viewports - current working model from class\forclass\datasource.h(412): warning C4305: '=' : truncation from 'double' to 'GLfloat'
     1>c:\users\mark\desktop\graphics work\viewports - current working model from class\forclass\datasource.h(414): warning C4305: '=' : truncation from 'double' to 'GLfloat'
     1>c:\users\mark\desktop\graphics work\viewports - current working model from class\forclass\datasource.h(416): warning C4305: '=' : truncation from 'double' to 'GLfloat'
     1>c:\users\mark\desktop\graphics work\viewports - current working model from class\forclass\datasource.h(417): warning C4305: '=' : truncation from 'double' to 'GLfloat'
     1>c:\users\mark\desktop\graphics work\viewports - current working model from class\forclass\datasource.h(418): warning C4305: '=' : truncation from 'double' to 'GLfloat'
     1>c:\users\mark\desktop\graphics work\viewports - current working model from class\forclass\datasource.h(419): warning C4305: '=' : truncation from 'double' to 'GLfloat'
     1>c:\users\mark\desktop\graphics work\viewports - current working model from class\forclass\datasource.h(426): warning C4305: '=' : truncation from 'double' to 'GLfloat'
     1>c:\users\mark\desktop\graphics work\viewports - current working model from class\forclass\datasource.h(428): warning C4305: '=' : truncation from 'double' to 'GLfloat'
     1>c:\users\mark\desktop\graphics work\viewports - current working model from class\forclass\datasource.h(430): warning C4305: '=' : truncation from 'double' to 'GLfloat'
     1>c:\users\mark\desktop\graphics work\viewports - current working model from class\forclass\datasource.h(431): warning C4305: '=' : truncation from 'double' to 'GLfloat'
     1>c:\users\mark\desktop\graphics work\viewports - current working model from class\forclass\datasource.h(432): warning C4305: '=' : truncation from 'double' to 'GLfloat'
     1>c:\users\mark\desktop\graphics work\viewports - current working model from class\forclass\datasource.h(433): warning C4305: '=' : truncation from 'double' to 'GLfloat'
     1>c:\users\mark\desktop\graphics work\viewports - current working model from class\forclass\datasource.h(448): warning C4305: 'argument' : truncation from 'double' to 'GLfloat'
     1>c:\users\mark\desktop\graphics work\viewports - current working model from class\forclass\datasource.h(448): warning C4305: 'argument' : truncation from 'double' to 'GLfloat'
     1>c:\users\mark\desktop\graphics work\viewports - current working model from class\forclass\datasource.h(448): warning C4305: 'argument' : truncation from 'double' to 'GLfloat'
     1>c:\users\mark\desktop\graphics work\viewports - current working model from class\forclass\datasource.h(449): warning C4305: 'argument' : truncation from 'double' to 'GLfloat'
     1>c:\users\mark\desktop\graphics work\viewports - current working model from class\forclass\datasource.h(449): warning C4305: 'argument' : truncation from 'double' to 'GLfloat'
     1>c:\users\mark\desktop\graphics work\viewports - current working model from class\forclass\datasource.h(449): warning C4305: 'argument' : truncation from 'double' to 'GLfloat'
     1>c:\users\mark\desktop\graphics work\viewports - current working model from class\forclass\datasource.h(450): warning C4305: 'argument' : truncation from 'double' to 'GLfloat'
     1>c:\users\mark\desktop\graphics work\viewports - current working model from class\forclass\datasource.h(450): warning C4305: 'argument' : truncation from 'double' to 'GLfloat'
     1>c:\users\mark\desktop\graphics work\viewports - current working model from class\forclass\datasource.h(450): warning C4305: 'argument' : truncation from 'double' to 'GLfloat'
     1>c:\users\mark\desktop\graphics work\viewports - current working model from class\forclass\datasource.h(451): warning C4305: '=' : truncation from 'double' to 'GLfloat'
     1>c:\users\mark\desktop\graphics work\viewports - current working model from class\forclass\datasource.h(455): warning C4305: 'argument' : truncation from 'double' to 'GLfloat'
     1>c:\users\mark\desktop\graphics work\viewports - current working model from class\forclass\datasource.h(455): warning C4305: 'argument' : truncation from 'double' to 'GLfloat'
     1>c:\users\mark\desktop\graphics work\viewports - current working model from class\forclass\datasource.h(456): warning C4305: 'argument' : truncation from 'double' to 'GLfloat'
     1>c:\users\mark\desktop\graphics work\viewports - current working model from class\forclass\datasource.h(456): warning C4305: 'argument' : truncation from 'double' to 'GLfloat'
     1>c:\users\mark\desktop\graphics work\viewports - current working model from class\forclass\datasource.h(457): warning C4305: 'argument' : truncation from 'double' to 'GLfloat'
     1>c:\users\mark\desktop\graphics work\viewports - current working model from class\forclass\datasource.h(457): warning C4305: 'argument' : truncation from 'double' to 'GLfloat'
     1>c:\users\mark\desktop\graphics work\viewports - current working model from class\forclass\datasource.h(457): warning C4305: 'argument' : truncation from 'double' to 'GLfloat'
     1>c:\users\mark\desktop\graphics work\viewports - current working model from class\forclass\datasource.h(458): warning C4305: '=' : truncation from 'double' to 'GLfloat'
     1>c:\users\mark\desktop\graphics work\viewports - current working model from class\forclass\viewports.cpp(38): warning C4091: 'typedef ' : ignored on left of 'Sphere' when no variable is declared
     1>c:\users\mark\desktop\graphics work\viewports - current working model from class\forclass\viewports.cpp(41): warning C4305: 'argument' : truncation from 'double' to 'GLfloat'
     1>c:\users\mark\desktop\graphics work\viewports - current working model from class\forclass\viewports.cpp(41): warning C4305: 'argument' : truncation from 'double' to 'GLfloat'
     1>c:\users\mark\desktop\graphics work\viewports - current working model from class\forclass\viewports.cpp(41): warning C4305: 'argument' : truncation from 'double' to 'GLfloat'
     1>c:\users\mark\desktop\graphics work\viewports - current working model from class\forclass\viewports.cpp(42): warning C4305: 'argument' : truncation from 'double' to 'GLfloat'
     1>c:\users\mark\desktop\graphics work\viewports - current working model from class\forclass\viewports.cpp(42): warning C4305: 'argument' : truncation from 'double' to 'GLfloat'
     1>c:\users\mark\desktop\graphics work\viewports - current working model from class\forclass\viewports.cpp(42): warning C4305: 'argument' : truncation from 'double' to 'GLfloat'
     1>c:\users\mark\desktop\graphics work\viewports - current working model from class\forclass\viewports.cpp(43): warning C4305: 'argument' : truncation from 'double' to 'GLfloat'
     1>c:\users\mark\desktop\graphics work\viewports - current working model from class\forclass\viewports.cpp(43): warning C4305: 'argument' : truncation from 'double' to 'GLfloat'
     1>c:\users\mark\desktop\graphics work\viewports - current working model from class\forclass\viewports.cpp(43): warning C4305: 'argument' : truncation from 'double' to 'GLfloat'
     1>c:\users\mark\desktop\graphics work\viewports - current working model from class\forclass\viewports.cpp(44): warning C4305: 'initializing' : truncation from 'double' to 'GLfloat'
     1>c:\users\mark\desktop\graphics work\viewports - current working model from class\forclass\viewports.cpp(47): warning C4305: 'initializing' : truncation from 'double' to 'GLfloat'
     1>c:\users\mark\desktop\graphics work\viewports - current working model from class\forclass\viewports.cpp(49): warning C4305: 'initializing' : truncation from 'double' to 'GLfloat'
     1>c:\users\mark\desktop\graphics work\viewports - current working model from class\forclass\viewports.cpp(50): warning C4305: 'initializing' : truncation from 'double' to 'GLfloat'
     1>c:\users\mark\desktop\graphics work\viewports - current working model from class\forclass\viewports.cpp(52): warning C4305: 'initializing' : truncation from 'double' to 'GLfloat'
     1>c:\users\mark\desktop\graphics work\viewports - current working model from class\forclass\viewports.cpp(54): warning C4305: 'argument' : truncation from 'double' to 'GLfloat'
     1>c:\users\mark\desktop\graphics work\viewports - current working model from class\forclass\viewports.cpp(54): warning C4305: 'argument' : truncation from 'double' to 'GLfloat'
     1>c:\users\mark\desktop\graphics work\viewports - current working model from class\forclass\viewports.cpp(55): warning C4305: 'argument' : truncation from 'double' to 'GLfloat'
     1>c:\users\mark\desktop\graphics work\viewports - current working model from class\forclass\viewports.cpp(55): warning C4305: 'argument' : truncation from 'double' to 'GLfloat'
     1>c:\users\mark\desktop\graphics work\viewports - current working model from class\forclass\viewports.cpp(56): warning C4305: 'argument' : truncation from 'double' to 'GLfloat'
     1>c:\users\mark\desktop\graphics work\viewports - current working model from class\forclass\viewports.cpp(56): warning C4305: 'argument' : truncation from 'double' to 'GLfloat'
     1>c:\users\mark\desktop\graphics work\viewports - current working model from class\forclass\viewports.cpp(56): warning C4305: 'argument' : truncation from 'double' to 'GLfloat'
     1>c:\users\mark\desktop\graphics work\viewports - current working model from class\forclass\viewports.cpp(57): warning C4305: 'initializing' : truncation from 'double' to 'GLfloat'
     1>c:\users\mark\desktop\graphics work\viewports - current working model from class\forclass\viewports.cpp(58): warning C4305: 'initializing' : truncation from 'double' to 'GLfloat'
     1>c:\users\mark\desktop\graphics work\viewports - current working model from class\forclass\viewports.cpp(60): warning C4305: 'initializing' : truncation from 'double' to 'GLfloat'
     1>c:\users\mark\desktop\graphics work\viewports - current working model from class\forclass\viewports.cpp(62): warning C4305: 'initializing' : truncation from 'double' to 'GLfloat'
     1>c:\users\mark\desktop\graphics work\viewports - current working model from class\forclass\viewports.cpp(65): warning C4305: 'initializing' : truncation from 'double' to 'GLfloat'
     1>c:\users\mark\desktop\graphics work\viewports - current working model from class\forclass\viewports.cpp(77): warning C4305: 'argument' : truncation from 'double' to 'GLfloat'
     1>c:\users\mark\desktop\graphics work\viewports - current working model from class\forclass\viewports.cpp(77): warning C4305: 'argument' : truncation from 'double' to 'GLfloat'
     1>c:\users\mark\desktop\graphics work\viewports - current working model from class\forclass\viewports.cpp(77): warning C4305: 'argument' : truncation from 'double' to 'GLfloat'
     1>c:\users\mark\desktop\graphics work\viewports - current working model from class\forclass\viewports.cpp(82): warning C4305: 'argument' : truncation from 'double' to 'GLfloat'
     1>c:\users\mark\desktop\graphics work\viewports - current working model from class\forclass\viewports.cpp(136): warning C4244: '=' : conversion from 'double' to 'int', possible loss of data
     1>c:\users\mark\desktop\graphics work\viewports - current working model from class\forclass\viewports.cpp(143): warning C4244: '=' : conversion from 'double' to 'GLfloat', possible loss of data
     1>c:\users\mark\desktop\graphics work\viewports - current working model from class\forclass\viewports.cpp(144): warning C4244: '=' : conversion from 'double' to 'GLfloat', possible loss of data
     1>c:\users\mark\desktop\graphics work\viewports - current working model from class\forclass\viewports.cpp(145): warning C4244: '=' : conversion from 'double' to 'GLfloat', possible loss of data
     1>c:\users\mark\desktop\graphics work\viewports - current working model from class\forclass\viewports.cpp(146): warning C4244: '=' : conversion from 'double' to 'GLfloat', possible loss of data
     1>c:\users\mark\desktop\graphics work\viewports - current working model from class\forclass\viewports.cpp(159): warning C4244: '=' : conversion from 'double' to 'GLfloat', possible loss of data
     1>c:\users\mark\desktop\graphics work\viewports - current working model from class\forclass\viewports.cpp(161): warning C4244: '=' : conversion from 'double' to 'GLfloat', possible loss of data
     1>c:\users\mark\desktop\graphics work\viewports - current working model from class\forclass\viewports.cpp(162): warning C4244: '=' : conversion from 'double' to 'GLfloat', possible loss of data
     1>c:\users\mark\desktop\graphics work\viewports - current working model from class\forclass\viewports.cpp(164): warning C4244: '=' : conversion from 'double' to 'GLfloat', possible loss of data
     1>c:\users\mark\desktop\graphics work\viewports - current working model from class\forclass\viewports.cpp(168): warning C4244: '=' : conversion from 'double' to 'GLfloat', possible loss of data
     1>c:\users\mark\desktop\graphics work\viewports - current working model from class\forclass\viewports.cpp(169): warning C4244: '=' : conversion from 'double' to 'GLfloat', possible loss of data
     1>c:\users\mark\desktop\graphics work\viewports - current working model from class\forclass\viewports.cpp(175): warning C4244: '=' : conversion from 'double' to 'GLfloat', possible loss of data
     1>c:\users\mark\desktop\graphics work\viewports - current working model from class\forclass\viewports.cpp(177): warning C4244: '=' : conversion from 'double' to 'GLfloat', possible loss of data
     1>c:\users\mark\desktop\graphics work\viewports - current working model from class\forclass\viewports.cpp(178): warning C4244: '=' : conversion from 'double' to 'GLfloat', possible loss of data
     1>c:\users\mark\desktop\graphics work\viewports - current working model from class\forclass\viewports.cpp(180): warning C4244: '=' : conversion from 'double' to 'GLfloat', possible loss of data
     1>c:\users\mark\desktop\graphics work\viewports - current working model from class\forclass\viewports.cpp(184): warning C4244: '=' : conversion from 'double' to 'GLfloat', possible loss of data
     1>c:\users\mark\desktop\graphics work\viewports - current working model from class\forclass\viewports.cpp(185): warning C4244: '=' : conversion from 'double' to 'GLfloat', possible loss of data
     1>c:\users\mark\desktop\graphics work\viewports - current working model from class\forclass\viewports.cpp(335): error C2065: 'z' : undeclared identifier
     1>c:\users\mark\desktop\graphics work\viewports - current working model from class\forclass\viewports.cpp(335): error C2143: syntax error : missing ';' before '}'
     1>c:\users\mark\desktop\graphics work\viewports - current working model from class\forclass\viewports.cpp(797): warning C4305: 'argument' : truncation from 'double' to 'GLclampf'
     1>c:\users\mark\desktop\graphics work\viewports - current working model from class\forclass\viewports.cpp(797): warning C4305: 'argument' : truncation from 'double' to 'GLclampf'
     1>c:\users\mark\desktop\graphics work\viewports - current working model from class\forclass\viewports.cpp(797): warning C4305: 'argument' : truncation from 'double' to 'GLclampf'
     1>c:\users\mark\desktop\graphics work\viewports - current working model from class\forclass\viewports.cpp(865): warning C4305: '+=' : truncation from 'double' to 'GLfloat'
     1>c:\users\mark\desktop\graphics work\viewports - current working model from class\forclass\viewports.cpp(906): warning C4244: 'argument' : conversion from 'GLfloat' to 'GLsizei', possible loss of data
     1>c:\users\mark\desktop\graphics work\viewports - current working model from class\forclass\viewports.cpp(906): warning C4244: 'argument' : conversion from 'GLfloat' to 'GLsizei', possible loss of data
     1>c:\users\mark\desktop\graphics work\viewports - current working model from class\forclass\viewports.cpp(925): warning C4305: 'argument' : truncation from 'double' to 'const GLfloat'
     1>c:\users\mark\desktop\graphics work\viewports - current working model from class\forclass\viewports.cpp(1097): warning C4305: '+=' : truncation from 'double' to 'GLfloat'
     1>c:\users\mark\desktop\graphics work\viewports - current working model from class\forclass\viewports.cpp(1100): warning C4305: '-=' : truncation from 'double' to 'GLfloat'
     1>c:\users\mark\desktop\graphics work\viewports - current working model from class\forclass\viewports.cpp(1208): warning C4244: '=' : conversion from 'int' to 'GLfloat', possible loss of data
     1>c:\users\mark\desktop\graphics work\viewports - current working model from class\forclass\viewports.cpp(1209): warning C4244: '=' : conversion from 'int' to 'GLfloat', possible loss of data
     1>Done Building Project "C:\Users\Mark\Desktop\Graphics Work\Viewports - Current Working Model From Class\ForClass\ForClass.vcxproj" (build target(s)) -- FAILED.

Build FAILED.

Time Elapsed 00:00:05.78
